SF:lib/HomePage.dart
DA:6,0
DA:8,0
DA:9,0
DA:11,0
DA:12,0
DA:14,0
DA:15,0
DA:16,0
DA:17,0
DA:18,0
DA:20,0
DA:21,0
DA:23,0
DA:26,0
DA:28,0
DA:29,0
DA:37,0
DA:40,0
DA:41,0
DA:42,0
DA:43,0
DA:45,0
DA:46,0
DA:47,0
DA:49,0
DA:50,0
DA:51,0
DA:52,0
DA:53,0
DA:54,0
DA:57,0
DA:59,0
DA:60,0
DA:61,0
DA:62,0
DA:66,0
DA:70,0
DA:71,0
DA:72,0
DA:73,0
DA:75,0
DA:77,0
DA:78,0
DA:79,0
DA:85,0
DA:87,0
DA:88,0
DA:89,0
DA:90,0
DA:95,0
DA:96,0
DA:99,0
DA:102,0
DA:104,0
DA:105,0
DA:106,0
DA:113,0
DA:114,0
DA:123,0
DA:124,0
DA:125,0
DA:126,0
DA:127,0
DA:128,0
DA:129,0
DA:130,0
DA:131,0
DA:133,0
DA:134,0
DA:136,0
DA:137,0
DA:138,0
DA:139,0
DA:140,0
DA:141,0
DA:144,0
DA:146,0
DA:147,0
DA:148,0
DA:149,0
DA:150,0
DA:154,0
DA:155,0
DA:156,0
DA:159,0
DA:160,0
DA:161,0
DA:162,0
DA:164,0
DA:166,0
DA:167,0
DA:168,0
DA:174,0
DA:176,0
DA:177,0
DA:178,0
DA:179,0
DA:180,0
DA:186,0
DA:187,0
DA:189,0
DA:190,0
DA:193,0
DA:194,0
DA:195,0
DA:198,0
DA:199,0
DA:200,0
DA:201,0
DA:202,0
DA:204,0
DA:206,0
DA:212,0
DA:213,0
LF:114
LH:0
end_of_record
SF:lib/ListBloc.dart
DA:8,0
DA:26,0
DA:29,0
DA:32,0
DA:35,0
DA:37,0
DA:39,0
DA:41,0
DA:43,0
DA:45,0
DA:47,0
DA:49,0
DA:51,0
DA:53,0
DA:55,0
DA:60,0
DA:61,0
DA:62,0
DA:65,0
DA:66,0
DA:67,0
DA:70,0
DA:71,0
DA:72,0
DA:73,0
DA:74,0
DA:76,0
DA:77,0
DA:80,0
DA:81,0
DA:84,0
DA:85,0
DA:89,0
DA:90,0
DA:91,0
DA:92,0
DA:93,0
DA:94,0
LF:38
LH:0
end_of_record
SF:lib/ProductModel.dart
DA:10,0
DA:11,0
DA:12,0
DA:14,0
DA:16,0
DA:18,0
LF:6
LH:0
end_of_record
SF:lib/LoginBloc.dart
DA:15,5
DA:18,1
DA:19,4
DA:21,1
DA:22,3
DA:24,0
DA:25,0
DA:28,0
DA:29,0
DA:32,0
DA:34,0
DA:35,0
DA:36,0
DA:37,0
DA:43,0
DA:46,0
DA:47,0
DA:48,0
DA:49,0
DA:50,0
DA:51,0
DA:52,0
DA:53,0
DA:58,0
DA:59,0
DA:60,0
DA:63,0
DA:64,0
DA:67,0
DA:68,0
DA:69,0
DA:70,0
LF:32
LH:5
end_of_record
SF:lib/validation.dart
DA:5,0
DA:6,0
DA:7,0
DA:8,0
DA:10,0
DA:15,0
DA:16,0
DA:17,0
DA:18,0
DA:20,0
LF:10
LH:0
end_of_record
SF:lib/Passwords.dart
DA:4,0
LF:1
LH:0
end_of_record
SF:lib/main.dart
DA:4,0
DA:7,1
DA:9,1
DA:12,1
DA:13,1
DA:19,2
DA:23,1
DA:24,1
DA:27,3
DA:31,1
DA:33,1
DA:34,2
DA:35,1
DA:36,1
DA:38,1
DA:40,1
DA:41,0
DA:42,0
DA:44,1
DA:45,1
DA:46,1
DA:48,1
DA:50,1
DA:52,1
DA:53,1
DA:54,1
DA:55,2
DA:56,2
DA:58,1
DA:59,1
DA:60,1
DA:61,1
DA:62,0
DA:63,1
DA:64,1
DA:67,1
DA:71,1
DA:72,2
DA:73,2
DA:75,1
DA:76,1
DA:77,1
DA:78,0
DA:79,0
DA:81,1
DA:83,1
DA:86,1
DA:90,1
DA:93,1
DA:94,2
DA:95,2
DA:97,1
DA:99,4
DA:100,1
DA:102,1
DA:103,1
DA:104,0
DA:105,0
DA:106,0
DA:107,0
DA:109,1
DA:114,1
DA:117,1
DA:119,1
DA:120,1
DA:122,0
DA:123,0
DA:125,0
DA:128,1
LF:69
LH:56
end_of_record
